Determining if the pthread_create exist failed with the following output:
Change Dir: /home/exbot/catkin_ws_relay/build/CMakeFiles/CMakeTmp

Run Build Command:/usr/bin/make "cmTryCompileExec1079700861/fast"
/usr/bin/make -f CMakeFiles/cmTryCompileExec1079700861.dir/build.make CMakeFiles/cmTryCompileExec1079700861.dir/build
make[1]: Entering directory `/home/exbot/catkin_ws_relay/build/CMakeFiles/CMakeTmp'
/usr/bin/cmake -E cmake_progress_report /home/exbot/catkin_ws_relay/build/CMakeFiles/CMakeTmp/CMakeFiles 1
Building C object CMakeFiles/cmTryCompileExec1079700861.dir/CheckSymbolExists.c.o
/usr/bin/cc    -o CMakeFiles/cmTryCompileExec1079700861.dir/CheckSymbolExists.c.o   -c /home/exbot/catkin_ws_relay/build/CMakeFiles/CMakeTmp/CheckSymbolExists.c
Linking C executable cmTryCompileExec1079700861
/usr/bin/cmake -E cmake_link_script CMakeFiles/cmTryCompileExec1079700861.dir/link.txt --verbose=1
/usr/bin/cc       CMakeFiles/cmTryCompileExec1079700861.dir/CheckSymbolExists.c.o  -o cmTryCompileExec1079700861 -rdynamic 
CMakeFiles/cmTryCompileExec1079700861.dir/CheckSymbolExists.c.o: In function `main':
CheckSymbolExists.c:(.text+0xa): undefined reference to `pthread_create'
collect2: error: ld returned 1 exit status
make[1]: Leaving directory `/home/exbot/catkin_ws_relay/build/CMakeFiles/CMakeTmp'
make[1]: *** [cmTryCompileExec1079700861] Error 1
make: *** [cmTryCompileExec1079700861/fast] Error 2

File /home/exbot/catkin_ws_relay/build/CMakeFiles/CMakeTmp/CheckSymbolExists.c:
/* */
#include <pthread.h>

int main(int argc, char** argv)
{
  (void)argv;
#ifndef pthread_create
  return ((int*)(&pthread_create))[argc];
#else
  (void)argc;
  return 0;
#endif
}

Determining if the function pthread_create exists in the pthreads failed with the following output:
Change Dir: /home/exbot/catkin_ws_relay/build/CMakeFiles/CMakeTmp

Run Build Command:/usr/bin/make "cmTryCompileExec3994826627/fast"
/usr/bin/make -f CMakeFiles/cmTryCompileExec3994826627.dir/build.make CMakeFiles/cmTryCompileExec3994826627.dir/build
make[1]: Entering directory `/home/exbot/catkin_ws_relay/build/CMakeFiles/CMakeTmp'
/usr/bin/cmake -E cmake_progress_report /home/exbot/catkin_ws_relay/build/CMakeFiles/CMakeTmp/CMakeFiles 1
Building C object CMakeFiles/cmTryCompileExec3994826627.dir/CheckFunctionExists.c.o
/usr/bin/cc   -DCHECK_FUNCTION_EXISTS=pthread_create   -o CMakeFiles/cmTryCompileExec3994826627.dir/CheckFunctionExists.c.o   -c /usr/share/cmake-2.8/Modules/CheckFunctionExists.c
Linking C executable cmTryCompileExec3994826627
/usr/bin/cmake -E cmake_link_script CMakeFiles/cmTryCompileExec3994826627.dir/link.txt --verbose=1
/usr/bin/cc   -DCHECK_FUNCTION_EXISTS=pthread_create    CMakeFiles/cmTryCompileExec3994826627.dir/CheckFunctionExists.c.o  -o cmTryCompileExec3994826627 -rdynamic -lpthreads 
/usr/bin/ld: cannot find -lpthreads
collect2: error: ld returned 1 exit status
make[1]: Leaving directory `/home/exbot/catkin_ws_relay/build/CMakeFiles/CMakeTmp'
make[1]: *** [cmTryCompileExec3994826627] Error 1
make: *** [cmTryCompileExec3994826627/fast] Error 2


